\BOOKMARK [1][-]{section.1}{Introduction}{}% 1
\BOOKMARK [1][-]{section.2}{Initial Evaluation}{}% 2
\BOOKMARK [2][-]{subsection.2.1}{Key Strengths}{section.2}% 3
\BOOKMARK [2][-]{subsection.2.2}{Key Limitations}{section.2}% 4
\BOOKMARK [2][-]{subsection.2.3}{Bugs Found}{section.2}% 5
\BOOKMARK [1][-]{section.3}{User Evaluation}{}% 6
\BOOKMARK [2][-]{subsection.3.1}{Methodology}{section.3}% 7
\BOOKMARK [3][-]{subsubsection.3.1.1}{Cooperative Evaluation}{subsection.3.1}% 8
\BOOKMARK [3][-]{subsubsection.3.1.2}{Natural Evaluation}{subsection.3.1}% 9
\BOOKMARK [2][-]{subsection.3.2}{Results}{section.3}% 10
\BOOKMARK [3][-]{subsubsection.3.2.1}{Cooperative Evaluation}{subsection.3.2}% 11
\BOOKMARK [3][-]{subsubsection.3.2.2}{Natural Evaluation}{subsection.3.2}% 12
\BOOKMARK [3][-]{subsubsection.3.2.3}{Bugs}{subsection.3.2}% 13
\BOOKMARK [1][-]{section.4}{Discussion of Results}{}% 14
\BOOKMARK [2][-]{subsection.4.1}{User Suggestions}{section.4}% 15
\BOOKMARK [3][-]{subsubsection.4.1.1}{Functional Aspects}{subsection.4.1}% 16
\BOOKMARK [3][-]{subsubsection.4.1.2}{Linguistic aspects}{subsection.4.1}% 17
\BOOKMARK [1][-]{section.5}{Comparative Evaluation}{}% 18
\BOOKMARK [1][-]{section.6}{Conclusion}{}% 19
\BOOKMARK [1][-]{appendix.A}{User Descriptions}{}% 20
\BOOKMARK [2][-]{subsection.A.1}{Cooperative Evaluation}{appendix.A}% 21
\BOOKMARK [2][-]{subsection.A.2}{Natural Evaluation}{appendix.A}% 22
\BOOKMARK [1][-]{appendix.B}{User Tasks}{}% 23
\BOOKMARK [1][-]{appendix.C}{User Survey}{}% 24
\BOOKMARK [2][-]{subsection.C.1}{Survey Questions}{appendix.C}% 25
\BOOKMARK [2][-]{subsection.C.2}{Online Survey}{appendix.C}% 26
